<?xml version="1.0" encoding="UTF-8"?>
<!-- Generated by org.testng.reporters.JUnitReportReporter -->
<testsuite hostname="LAPTOP-MD8IKGDG" failures="0" tests="1" name="testng.TestGeometry" time="0.031" errors="0" timestamp="2022-09-03T09:16:30 WIB" skipped="0">
  <testcase classname="testng.TestGeometry" name="testLuasSegitiga" time="0.031"/>
  <system-out/>
</testsuite> <!-- testng.TestGeometry -->
