<?xml version="1.0" encoding="UTF-8"?>
<!-- Generated by org.testng.reporters.JUnitReportReporter -->
<testsuite hostname="LAPTOP-MD8IKGDG" failures="0" tests="3" name="testng.TestParsingString" time="0.013" errors="0" timestamp="2022-09-03T11:29:08 WIB" skipped="0">
  <testcase classname="testng.TestParsingString" name="testParsingStringtoDouble" time="0.001"/>
  <system-out/>
  <testcase classname="testng.TestParsingString" name="testParsingStringToFloat" time="0.010"/>
  <system-out/>
  <testcase classname="testng.TestParsingString" name="testParsingStringToInt" time="0.002"/>
  <system-out/>
</testsuite> <!-- testng.TestParsingString -->
