<?xml version="1.0" encoding="UTF-8"?>
<!-- Generated by org.testng.reporters.JUnitReportReporter -->
<testsuite hostname="LAPTOP-MD8IKGDG" failures="0" tests="4" name="testng.TestMatematika" time="0.050" errors="0" timestamp="2022-09-03T10:33:53 WIB" skipped="0">
  <testcase classname="testng.TestMatematika" name="testJumlahNilai" time="0.031"/>
  <system-out/>
  <testcase classname="testng.TestMatematika" name="testKurangNilai" time="0.005"/>
  <system-out/>
  <testcase classname="testng.TestMatematika" name="testBagiNilai" time="0.007"/>
  <system-out/>
  <testcase classname="testng.TestMatematika" name="testModulusNilai" time="0.007"/>
  <system-out/>
</testsuite> <!-- testng.TestMatematika -->
